<?xml version="1.0" encoding="UTF-8"?>
<!-- Generated by org.testng.reporters.JUnitXMLReporter -->
<testsuite ignored="0" hostname="Siddannas-MacBook-Pro.local" failures="1" tests="1" name="Test" time="6.294" errors="0" timestamp="2024-07-04T16:06:23 EDT">
  <testcase classname="io.cucumber.testng.AbstractTestNGCucumberTests" name="runScenario" time="6.106">
    <failure type="java.lang.NullPointerException" message="Cannot invoke &amp;quot;com.aventstack.extentreports.ExtentTest.warning(String)&amp;quot; because the return value of &amp;quot;base.BaseTest.getTest()&amp;quot; is null">
      <![CDATA[java.lang.NullPointerException: Cannot invoke "com.aventstack.extentreports.ExtentTest.warning(String)" because the return value of "base.BaseTest.getTest()" is null
at steps.LoginSteps.captureScreenshot(LoginSteps.java:28)
at steps.LoginSteps.the_user_is_on_the_login_page(LoginSteps.java:20)
at ✽.I am on the login page(file:///Users/sid/eclipse-workspace/seleniumPageObjects/src/test/resources/features/Login.feature:4)
]]>
    </failure>
  </testcase> <!-- runScenario -->
</testsuite> <!-- Test -->
